<?xml version="1.0" encoding="UTF-8"?>
<!-- Generated by org.testng.reporters.JUnitReportReporter -->
<testsuite hostname="DESKTOP-9CA997L" failures="0" tests="2" name="practice1.Runner1" time="15.164" errors="0" timestamp="2024-11-29T12:09:58 IST" skipped="0">
  <testcase classname="practice1.Runner1" name="run3" time="7.862"/>
  <system-out/>
  <testcase classname="practice1.Runner1" name="run4" time="7.302"/>
  <system-out/>
</testsuite> <!-- practice1.Runner1 -->
