<?xml version="1.0" encoding="UTF-8"?>
<!-- Generated by org.testng.reporters.JUnitReportReporter -->
<testsuite hostname="DESKTOP-9CA997L" failures="0" tests="2" name="practice1.Runner" time="14.402" errors="0" timestamp="2024-11-29T12:09:58 IST" skipped="0">
  <testcase classname="practice1.Runner" name="run" time="7.224"/>
  <system-out/>
  <testcase classname="practice1.Runner" name="run2" time="7.178"/>
  <system-out/>
</testsuite> <!-- practice1.Runner -->
