<?xml version="1.0" encoding="UTF-8"?>
<!-- Generated by org.testng.reporters.JUnitReportReporter -->
<testsuite hostname="DESKTOP-9CA997L" failures="0" tests="2" name="Parallelexecution.ParallelExec1" time="10.502" errors="0" timestamp="2024-12-06T12:17:52 IST" skipped="0">
  <testcase classname="Parallelexecution.ParallelExec1" name="pExec" time="3.012"/>
  <system-out/>
  <testcase classname="Parallelexecution.ParallelExec1" name="pExec" time="7.490"/>
  <system-out/>
</testsuite> <!-- Parallelexecution.ParallelExec1 -->
