<?xml version="1.0" encoding="UTF-8"?>
<!-- Generated by org.testng.reporters.JUnitReportReporter -->
<testsuite hostname="DESKTOP-9CA997L" failures="0" tests="1" name="RunnerScript.LoginRunnerScript" time="12.220" errors="0" timestamp="2024-12-03T11:26:27 IST" skipped="0">
  <testcase classname="RunnerScript.LoginRunnerScript" name="Fb" time="12.220"/>
  <system-out/>
</testsuite> <!-- RunnerScript.LoginRunnerScript -->
