<?xml version="1.0" encoding="UTF-8"?>
<!-- Generated by org.testng.reporters.JUnitReportReporter -->
<testsuite hostname="DESKTOP-9CA997L" failures="0" tests="3" name="test.Practice" time="0.020" errors="0" timestamp="2024-11-27T12:36:52 IST" skipped="0">
  <testcase classname="test.Practice" name="test2" time="0.002"/>
  <system-out>
    <![CDATA[hello]]>
  </system-out>
  <testcase classname="test.Practice" name="hello3" time="0.016"/>
  <system-out>
    <![CDATA[bye]]>
  </system-out>
  <testcase classname="test.Practice" name="test1" time="0.002"/>
  <system-out>
    <![CDATA[hi]]>
  </system-out>
</testsuite> <!-- test.Practice -->
