<?xml version="1.0" encoding="UTF-8"?>
<!-- Generated by org.testng.reporters.JUnitReportReporter -->
<testsuite hostname="DESKTOP-9CA997L" failures="0" tests="1" name="qsp2.Demo6" time="8.302" errors="0" timestamp="2024-11-27T12:00:55 IST" skipped="0">
  <testcase classname="qsp2.Demo6" name="test10" time="8.302"/>
  <system-out/>
</testsuite> <!-- qsp2.Demo6 -->
