<?xml version="1.0" encoding="UTF-8"?>
<!-- Generated by org.testng.reporters.JUnitReportReporter -->
<testsuite hostname="DESKTOP-9CA997L" failures="0" tests="1" name="qsp.Demo2" time="0.003" errors="0" timestamp="2024-11-27T12:00:55 IST" skipped="0">
  <testcase classname="qsp.Demo2" name="test4" time="0.003"/>
  <system-out>
    <![CDATA[Bye]]>
  </system-out>
</testsuite> <!-- qsp.Demo2 -->
