<?xml version="1.0" encoding="UTF-8"?>
<!-- Generated by org.testng.reporters.JUnitReportReporter -->
<testsuite hostname="DESKTOP-9CA997L" failures="0" tests="1" name="practice2.AssertCheck" time="5.867" errors="0" timestamp="2024-11-30T12:47:13 IST" skipped="0">
  <testcase classname="practice2.AssertCheck" name="runners" time="5.867"/>
  <system-out/>
</testsuite> <!-- practice2.AssertCheck -->
