<?xml version="1.0" encoding="UTF-8"?>
<!-- Generated by org.testng.reporters.JUnitReportReporter -->
<testsuite hostname="DESKTOP-9CA997L" failures="0" tests="1" name="qsp1.Demo3" time="6.345" errors="0" timestamp="2024-11-27T12:00:55 IST" skipped="0">
  <testcase classname="qsp1.Demo3" name="test5" time="6.345"/>
  <system-out/>
</testsuite> <!-- qsp1.Demo3 -->
