<?xml version="1.0" encoding="UTF-8"?>
<!-- Generated by org.testng.reporters.JUnitReportReporter -->
<testsuite hostname="DESKTOP-9CA997L" failures="0" tests="3" name="qsp.Demo1" time="6.279" errors="0" timestamp="2024-11-27T12:00:55 IST" skipped="0">
  <testcase classname="qsp.Demo1" name="test3" time="6.263"/>
  <system-out/>
  <testcase classname="qsp.Demo1" name="test1" time="0.015"/>
  <system-out>
    <![CDATA[hello]]>
  </system-out>
  <testcase classname="qsp.Demo1" name="test2" time="0.001"/>
  <system-out>
    <![CDATA[world]]>
  </system-out>
</testsuite> <!-- qsp.Demo1 -->
