<?xml version="1.0" encoding="UTF-8"?>
<!-- Generated by org.testng.reporters.JUnitReportReporter -->
<testsuite hostname="DESKTOP-9CA997L" failures="0" tests="1" name="practice2.Mainclaaas" time="5.784" errors="0" timestamp="2024-11-30T12:43:47 IST" skipped="0">
  <testcase classname="practice2.Mainclaaas" name="runn" time="5.784"/>
  <system-out/>
</testsuite> <!-- practice2.Mainclaaas -->
