<?xml version="1.0" encoding="UTF-8"?>
<!-- Generated by org.testng.reporters.JUnitReportReporter -->
<testsuite hostname="DESKTOP-9CA997L" failures="0" tests="1" name="RunnerScript.Flipkartrunner" time="25.680" errors="0" timestamp="2024-12-03T16:53:09 IST" skipped="0">
  <testcase classname="RunnerScript.Flipkartrunner" name="flip" time="25.680"/>
  <system-out/>
</testsuite> <!-- RunnerScript.Flipkartrunner -->
